auth.js:289 ✅ Auth module cargado
StateManager.js:865 ✅ StateManager cargado correctamente
EstadisticaDescriptiva.js:1664 ✅ Módulo de Estadística Descriptiva cargado
Visualizacion.js:1492 ✅ Módulo de Visualización cargado
ReporteManager.js:1489 ✅ ReporteManager cargado — FDA 21 CFR Part 11
AuditoriaManager.js:353 ✅ AuditoriaManager cargado
UsuariosManager.js:505 ✅ UsuariosManager cargado
DatosManager.js:773 ✅ DatosManager cargado
PermisosManager.js:250 ✅ PermisosManager cargado
ParametrosManager.js:109 ✅ ParametrosManager cargado
script.js:5 === SCRIPT.JS CARGADO ===
script.js:2118 ✅ script.js cargado
script.js:1549 🚀 StatAnalyzer Pro inicializado
script.js:1554 ✅ Sesión iniciada: f.nina
script.js:1567 >>> _initApp: INICIO
script.js:1569 >>> _initApp: Después de setupStateListeners
script.js:1781 >>> updateSidebarIconBadges: activeStats = []
script.js:1785 >>> updateSidebarIconBadges: Badges encontrados en DOM: 7
script.js:1790 >>> updateSidebarIconBadges: Section descriptiva, badge encontrado: true
script.js:1795 >>> updateSidebarIconBadges: descriptiva = 0
script.js:1790 >>> updateSidebarIconBadges: Section hipotesis, badge encontrado: true
script.js:1795 >>> updateSidebarIconBadges: hipotesis = 0
script.js:1790 >>> updateSidebarIconBadges: Section correlacion, badge encontrado: true
script.js:1795 >>> updateSidebarIconBadges: correlacion = 0
script.js:1790 >>> updateSidebarIconBadges: Section noParametricos, badge encontrado: true
script.js:1795 >>> updateSidebarIconBadges: noParametricos = 0
script.js:1790 >>> updateSidebarIconBadges: Section multivariado, badge encontrado: true
script.js:1795 >>> updateSidebarIconBadges: multivariado = 0
script.js:1790 >>> updateSidebarIconBadges: Section extras, badge encontrado: true
script.js:1795 >>> updateSidebarIconBadges: extras = 0
script.js:1804 >>> updateSidebarIconBadges: proceso = 0
script.js:1719 ✅ Sidebar toggles inicializados
script.js:1571 >>> _initApp: Después de setupSidebarToggles
script.js:1572 >>> _initApp: Llamando StateManager.init()...
StateManager.js:64 🚀 StateManager: Inicializando...
StateManager.js:638 📂 Estado cargado (guardado: 2026-03-30T19:00:27.380Z)
StateManager.js:68 ✅ Estado restaurado desde localStorage
script.js:897 >>> LISTENER: stateLoad Disparado
script.js:2115 🔄 Menú lateral sincronizado: 5 estadístico(s) activo(s)
script.js:1781 >>> updateSidebarIconBadges: activeStats = (5) ['Varianza', 'Percentiles', 'Rango y Amplitud', 'Coeficiente de Variación', 'T-Test (una muestra)']
script.js:1785 >>> updateSidebarIconBadges: Badges encontrados en DOM: 7
script.js:1790 >>> updateSidebarIconBadges: Section descriptiva, badge encontrado: true
script.js:1795 >>> updateSidebarIconBadges: descriptiva = 4
script.js:1790 >>> updateSidebarIconBadges: Section hipotesis, badge encontrado: true
script.js:1795 >>> updateSidebarIconBadges: hipotesis = 1
script.js:1790 >>> updateSidebarIconBadges: Section correlacion, badge encontrado: true
script.js:1795 >>> updateSidebarIconBadges: correlacion = 0
script.js:1790 >>> updateSidebarIconBadges: Section noParametricos, badge encontrado: true
script.js:1795 >>> updateSidebarIconBadges: noParametricos = 0
script.js:1790 >>> updateSidebarIconBadges: Section multivariado, badge encontrado: true
script.js:1795 >>> updateSidebarIconBadges: multivariado = 0
script.js:1790 >>> updateSidebarIconBadges: Section extras, badge encontrado: true
script.js:1795 >>> updateSidebarIconBadges: extras = 0
script.js:1804 >>> updateSidebarIconBadges: proceso = 5
script.js:1781 >>> updateSidebarIconBadges: activeStats = (5) ['Varianza', 'Percentiles', 'Rango y Amplitud', 'Coeficiente de Variación', 'T-Test (una muestra)']
script.js:1785 >>> updateSidebarIconBadges: Badges encontrados en DOM: 7
script.js:1790 >>> updateSidebarIconBadges: Section descriptiva, badge encontrado: true
script.js:1795 >>> updateSidebarIconBadges: descriptiva = 4
script.js:1790 >>> updateSidebarIconBadges: Section hipotesis, badge encontrado: true
script.js:1795 >>> updateSidebarIconBadges: hipotesis = 1
script.js:1790 >>> updateSidebarIconBadges: Section correlacion, badge encontrado: true
script.js:1795 >>> updateSidebarIconBadges: correlacion = 0
script.js:1790 >>> updateSidebarIconBadges: Section noParametricos, badge encontrado: true
script.js:1795 >>> updateSidebarIconBadges: noParametricos = 0
script.js:1790 >>> updateSidebarIconBadges: Section multivariado, badge encontrado: true
script.js:1795 >>> updateSidebarIconBadges: multivariado = 0
script.js:1790 >>> updateSidebarIconBadges: Section extras, badge encontrado: true
script.js:1795 >>> updateSidebarIconBadges: extras = 0
script.js:1804 >>> updateSidebarIconBadges: proceso = 5
StateManager.js:664 ⏰ Auto-guardado activado (cada 5s)
StateManager.js:85 ✅ StateManager inicializado correctamente
script.js:1574 >>> _initApp: Después de StateManager.init()
script.js:1575 >>> _initApp: Estado actual de activeStats: (5) ['Varianza', 'Percentiles', 'Rango y Amplitud', 'Coeficiente de Variación', 'T-Test (una muestra)']
script.js:1781 >>> updateSidebarIconBadges: activeStats = (5) ['Varianza', 'Percentiles', 'Rango y Amplitud', 'Coeficiente de Variación', 'T-Test (una muestra)']
script.js:1785 >>> updateSidebarIconBadges: Badges encontrados en DOM: 7
script.js:1790 >>> updateSidebarIconBadges: Section descriptiva, badge encontrado: true
script.js:1795 >>> updateSidebarIconBadges: descriptiva = 4
script.js:1790 >>> updateSidebarIconBadges: Section hipotesis, badge encontrado: true
script.js:1795 >>> updateSidebarIconBadges: hipotesis = 1
script.js:1790 >>> updateSidebarIconBadges: Section correlacion, badge encontrado: true
script.js:1795 >>> updateSidebarIconBadges: correlacion = 0
script.js:1790 >>> updateSidebarIconBadges: Section noParametricos, badge encontrado: true
script.js:1795 >>> updateSidebarIconBadges: noParametricos = 0
script.js:1790 >>> updateSidebarIconBadges: Section multivariado, badge encontrado: true
script.js:1795 >>> updateSidebarIconBadges: multivariado = 0
script.js:1790 >>> updateSidebarIconBadges: Section extras, badge encontrado: true
script.js:1795 >>> updateSidebarIconBadges: extras = 0
script.js:1804 >>> updateSidebarIconBadges: proceso = 5
script.js:1577 >>> _initApp: Después de updateSidebarIconBadges
script.js:1781 >>> updateSidebarIconBadges: activeStats = (5) ['Varianza', 'Percentiles', 'Rango y Amplitud', 'Coeficiente de Variación', 'T-Test (una muestra)']
script.js:1785 >>> updateSidebarIconBadges: Badges encontrados en DOM: 7
script.js:1790 >>> updateSidebarIconBadges: Section descriptiva, badge encontrado: true
script.js:1795 >>> updateSidebarIconBadges: descriptiva = 4
script.js:1790 >>> updateSidebarIconBadges: Section hipotesis, badge encontrado: true
script.js:1795 >>> updateSidebarIconBadges: hipotesis = 1
script.js:1790 >>> updateSidebarIconBadges: Section correlacion, badge encontrado: true
script.js:1795 >>> updateSidebarIconBadges: correlacion = 0
script.js:1790 >>> updateSidebarIconBadges: Section noParametricos, badge encontrado: true
script.js:1795 >>> updateSidebarIconBadges: noParametricos = 0
script.js:1790 >>> updateSidebarIconBadges: Section multivariado, badge encontrado: true
script.js:1795 >>> updateSidebarIconBadges: multivariado = 0
script.js:1790 >>> updateSidebarIconBadges: Section extras, badge encontrado: true
script.js:1795 >>> updateSidebarIconBadges: extras = 0
script.js:1804 >>> updateSidebarIconBadges: proceso = 5
script.js:2115 🔄 Menú lateral sincronizado: 5 estadístico(s) activo(s)
script.js:88 Vista cambiada a: trabajo
script.js:1595 Evento click asignado al botón Ejecutar Análisis
script.js:1600 ✅ Formatos soportados: CSV, JSON, TXT
script.js:1601 ✅ Estado centralizado activo
favicon.ico:1  GET https://fernandonina241018.github.io/favicon.ico 404 (Not Found)
StateManager.js:612 💾 Estado guardado en localStorage
StateManager.js:612 💾 Estado guardado en localStorage
StateManager.js:612 💾 Estado guardado en localStorage
StateManager.js:612 💾 Estado guardado en localStorage
StateManager.js:612 💾 Estado guardado en localStorage
StateManager.js:612 💾 Estado guardado en localStorage
StateManager.js:612 💾 Estado guardado en localStorage
StateManager.js:612 💾 Estado guardado en localStorage
StateManager.js:612 💾 Estado guardado en localStorage
StateManager.js:612 💾 Estado guardado en localStorage
